2022-12-14 22:14:29,768 INFO  [Log] ** 
2022-12-14 22:14:29,769 INFO  [Log] ** 
2022-12-14 22:14:29,780 INFO  [Log] ############   My first test case is Login test ################ 
2022-12-14 22:14:29,780 INFO  [Log] ** 
2022-12-14 22:14:29,781 INFO  [Log] ** 
2022-12-14 22:14:29,781 INFO  [Log] My login test is going on 
2022-12-14 22:14:29,781 INFO  [Log] My test case might be failed 
2022-12-14 22:14:32,368 INFO  [Log] My test case is about to complete 
2022-12-14 22:14:32,368 INFO  [Log] ################################## 
2022-12-14 22:14:32,368 INFO  [Log] ########################################## 
2022-12-14 22:14:32,369 INFO  [Log] ############   This is my login test again ################ 
2022-12-14 22:14:32,369 INFO  [Log] ########################## 
2022-12-14 22:14:32,369 INFO  [Log] ########################################## 
2022-12-15 13:33:07,732 INFO  [Log] ***************************** 
2022-12-15 13:33:07,734 INFO  [Log] ************************************** 
2022-12-15 13:33:07,747 INFO  [Log] ############   My first test case is Login test ################ 
2022-12-15 13:33:07,747 INFO  [Log] ******************************* 
2022-12-15 13:33:07,747 INFO  [Log] ************************************** 
2022-12-15 13:33:07,748 INFO  [Log] My login test is going on 
2022-12-15 13:33:07,748 INFO  [Log] My test case might be failed 
2022-12-15 13:33:10,624 INFO  [Log] My test case is about to complete 
2022-12-15 13:33:10,624 INFO  [Log] ################################## 
2022-12-15 13:33:10,624 INFO  [Log] ########################################## 
2022-12-15 13:33:10,625 INFO  [Log] ############   This is my login test again ################ 
2022-12-15 13:33:10,625 INFO  [Log] ########################## 
2022-12-15 13:33:10,625 INFO  [Log] ########################################## 
2022-12-15 14:21:57,363 INFO  [Log] ***************************** 
2022-12-15 14:21:57,364 INFO  [Log] ************************************** 
2022-12-15 14:21:57,364 INFO  [Log] ############   My first test case is Login test ################ 
2022-12-15 14:21:57,364 INFO  [Log] ******************************* 
2022-12-15 14:21:57,364 INFO  [Log] ************************************** 
2022-12-15 14:21:57,364 INFO  [Log] My login test is going on 
2022-12-15 14:21:57,364 INFO  [Log] My test case might be failed 
2022-12-15 14:21:59,900 INFO  [Log] My test case is about to complete 
2022-12-15 14:21:59,900 INFO  [Log] ################################## 
2022-12-15 14:21:59,900 INFO  [Log] ########################################## 
2022-12-15 14:21:59,900 INFO  [Log] ############   This is my login test again ################ 
2022-12-15 14:21:59,900 INFO  [Log] ########################## 
2022-12-15 14:21:59,900 INFO  [Log] ########################################## 
2023-01-08 13:37:16,228 INFO  [Log] ***************************** 
2023-01-08 13:37:16,229 INFO  [Log] ************************************** 
2023-01-08 13:37:16,229 INFO  [Log] ############   My first test case is Login test ################ 
2023-01-08 13:37:16,229 INFO  [Log] ******************************* 
2023-01-08 13:37:16,229 INFO  [Log] ************************************** 
2023-01-08 13:37:16,229 INFO  [Log] My login test is going on 
2023-01-08 13:37:16,229 INFO  [Log] My test case might be failed 
2023-01-08 13:37:24,028 INFO  [Log] My test case is about to complete 
2023-01-08 13:37:24,028 INFO  [Log] ################################## 
2023-01-08 13:37:24,028 INFO  [Log] ########################################## 
2023-01-08 13:37:24,028 INFO  [Log] ############   This is my login test again ################ 
2023-01-08 13:37:24,028 INFO  [Log] ########################## 
2023-01-08 13:37:24,028 INFO  [Log] ########################################## 
2023-01-08 13:45:18,105 INFO  [Log] ***************************** 
2023-01-08 13:45:18,106 INFO  [Log] ************************************** 
2023-01-08 13:45:18,106 INFO  [Log] ############   My first test case is Login test ################ 
2023-01-08 13:45:18,106 INFO  [Log] ******************************* 
2023-01-08 13:45:18,135 INFO  [Log] ************************************** 
2023-01-08 13:45:18,135 INFO  [Log] My login test is going on 
2023-01-08 13:45:18,135 INFO  [Log] My test case might be failed 
2023-01-08 13:45:26,795 INFO  [Log] My test case is about to complete 
2023-01-08 13:45:26,795 INFO  [Log] ################################## 
2023-01-08 13:45:26,795 INFO  [Log] ########################################## 
2023-01-08 13:45:26,795 INFO  [Log] ############   This is my login test again ################ 
2023-01-08 13:45:26,795 INFO  [Log] ########################## 
2023-01-08 13:45:26,795 INFO  [Log] ########################################## 
2023-01-08 13:51:39,002 INFO  [Log] ***************************** 
2023-01-08 13:51:39,003 INFO  [Log] ************************************** 
2023-01-08 13:51:39,003 INFO  [Log] ############   My first test case is Login test ################ 
2023-01-08 13:51:39,003 INFO  [Log] ******************************* 
2023-01-08 13:51:39,003 INFO  [Log] ************************************** 
2023-01-08 13:51:39,003 INFO  [Log] My login test is going on 
2023-01-08 13:51:39,003 INFO  [Log] My test case might be failed 
2023-01-08 13:51:45,986 INFO  [Log] My test case is about to complete 
2023-01-08 13:51:45,986 INFO  [Log] ################################## 
2023-01-08 13:51:45,986 INFO  [Log] ########################################## 
2023-01-08 13:51:45,986 INFO  [Log] ############   This is my login test again ################ 
2023-01-08 13:51:45,986 INFO  [Log] ########################## 
2023-01-08 13:51:45,986 INFO  [Log] ########################################## 
2023-01-08 13:53:40,748 INFO  [Log] ***************************** 
2023-01-08 13:53:40,749 INFO  [Log] ************************************** 
2023-01-08 13:53:40,749 INFO  [Log] ############   My first test case is Login test ################ 
2023-01-08 13:53:40,752 INFO  [Log] ******************************* 
2023-01-08 13:53:40,752 INFO  [Log] ************************************** 
2023-01-08 13:53:40,752 INFO  [Log] My login test is going on 
2023-01-08 13:53:40,753 INFO  [Log] My test case might be failed 
2023-01-08 13:53:47,703 INFO  [Log] My test case is about to complete 
2023-01-08 13:53:47,703 INFO  [Log] ################################## 
2023-01-08 13:53:47,703 INFO  [Log] ########################################## 
2023-01-08 13:53:47,703 INFO  [Log] ############   This is my login test again ################ 
2023-01-08 13:53:47,703 INFO  [Log] ########################## 
2023-01-08 13:53:47,703 INFO  [Log] ########################################## 
2023-01-08 14:01:49,130 INFO  [Log] ***************************** 
2023-01-08 14:01:49,131 INFO  [Log] ************************************** 
2023-01-08 14:01:49,131 INFO  [Log] ############   My first test case is Login test ################ 
2023-01-08 14:01:49,131 INFO  [Log] ******************************* 
2023-01-08 14:01:49,131 INFO  [Log] ************************************** 
2023-01-08 14:01:49,131 INFO  [Log] My login test is going on 
2023-01-08 14:01:49,131 INFO  [Log] My test case might be failed 
2023-01-08 14:01:56,293 INFO  [Log] My test case is about to complete 
2023-01-08 14:01:56,293 INFO  [Log] ################################## 
2023-01-08 14:01:56,294 INFO  [Log] ########################################## 
2023-01-08 14:01:56,294 INFO  [Log] ############   This is my login test again ################ 
2023-01-08 14:01:56,294 INFO  [Log] ########################## 
2023-01-08 14:01:56,294 INFO  [Log] ########################################## 
2023-01-08 14:14:15,540 INFO  [Log] ***************************** 
2023-01-08 14:14:15,541 INFO  [Log] ************************************** 
2023-01-08 14:14:15,542 INFO  [Log] ############   My first test case is Login test ################ 
2023-01-08 14:14:15,544 INFO  [Log] ******************************* 
2023-01-08 14:14:15,544 INFO  [Log] ************************************** 
2023-01-08 14:14:15,544 INFO  [Log] My login test is going on 
2023-01-08 14:14:15,544 INFO  [Log] My test case might be failed 
2023-01-08 14:14:23,778 INFO  [Log] My test case is about to complete 
2023-01-08 14:14:23,778 INFO  [Log] ################################## 
2023-01-08 14:14:23,778 INFO  [Log] ########################################## 
2023-01-08 14:14:23,778 INFO  [Log] ############   This is my login test again ################ 
2023-01-08 14:14:23,778 INFO  [Log] ########################## 
2023-01-08 14:14:23,778 INFO  [Log] ########################################## 
2023-01-08 14:36:56,382 INFO  [Log] ***************************** 
2023-01-08 14:36:56,383 INFO  [Log] ************************************** 
2023-01-08 14:36:56,384 INFO  [Log] ############   My first test case is Login test ################ 
2023-01-08 14:36:56,384 INFO  [Log] ******************************* 
2023-01-08 14:36:56,384 INFO  [Log] ************************************** 
2023-01-08 14:36:56,384 INFO  [Log] My login test is going on 
2023-01-08 14:36:56,384 INFO  [Log] My test case might be failed 
2023-01-08 14:37:05,594 INFO  [Log] My test case is about to complete 
2023-01-08 14:37:05,594 INFO  [Log] ################################## 
2023-01-08 14:37:05,594 INFO  [Log] ########################################## 
2023-01-08 14:37:05,594 INFO  [Log] ############   This is my login test again ################ 
2023-01-08 14:37:05,594 INFO  [Log] ########################## 
2023-01-08 14:37:05,594 INFO  [Log] ########################################## 
2023-01-08 14:52:12,407 INFO  [Log] ***************************** 
2023-01-08 14:52:12,408 INFO  [Log] ************************************** 
2023-01-08 14:52:12,409 INFO  [Log] ############   My first test case is Login test ################ 
2023-01-08 14:52:12,409 INFO  [Log] ******************************* 
2023-01-08 14:52:12,409 INFO  [Log] ************************************** 
2023-01-08 14:52:12,409 INFO  [Log] My login test is going on 
2023-01-08 14:52:12,409 INFO  [Log] My test case might be failed 
2023-01-08 14:52:20,525 INFO  [Log] My test case is about to complete 
2023-01-08 14:52:20,526 INFO  [Log] ################################## 
2023-01-08 14:52:20,526 INFO  [Log] ########################################## 
2023-01-08 14:52:20,526 INFO  [Log] ############   This is my login test again ################ 
2023-01-08 14:52:20,526 INFO  [Log] ########################## 
2023-01-08 14:52:20,526 INFO  [Log] ########################################## 
2023-01-08 14:57:03,078 INFO  [Log] ***************************** 
2023-01-08 14:57:03,080 INFO  [Log] ************************************** 
2023-01-08 14:57:03,080 INFO  [Log] ############   My first test case is Login test ################ 
2023-01-08 14:57:03,080 INFO  [Log] ******************************* 
2023-01-08 14:57:03,080 INFO  [Log] ************************************** 
2023-01-08 14:57:03,080 INFO  [Log] My login test is going on 
2023-01-08 14:57:03,080 INFO  [Log] My test case might be failed 
2023-01-08 14:57:10,873 INFO  [Log] My test case is about to complete 
2023-01-08 14:57:10,873 INFO  [Log] ################################## 
2023-01-08 14:57:10,873 INFO  [Log] ########################################## 
2023-01-08 14:57:10,873 INFO  [Log] ############   This is my login test again ################ 
2023-01-08 14:57:10,874 INFO  [Log] ########################## 
2023-01-08 14:57:10,874 INFO  [Log] ########################################## 
2023-01-08 15:11:59,474 INFO  [Log] ***************************** 
2023-01-08 15:11:59,475 INFO  [Log] ************************************** 
2023-01-08 15:11:59,475 INFO  [Log] ############   My first test case is Login test ################ 
2023-01-08 15:11:59,475 INFO  [Log] ******************************* 
2023-01-08 15:11:59,475 INFO  [Log] ************************************** 
2023-01-08 15:11:59,476 INFO  [Log] My login test is going on 
2023-01-08 15:11:59,476 INFO  [Log] My test case might be failed 
2023-01-08 15:12:07,103 INFO  [Log] My test case is about to complete 
2023-01-08 15:12:07,103 INFO  [Log] ################################## 
2023-01-08 15:12:07,103 INFO  [Log] ########################################## 
2023-01-08 15:12:07,103 INFO  [Log] ############   This is my login test again ################ 
2023-01-08 15:12:07,103 INFO  [Log] ########################## 
2023-01-08 15:12:07,103 INFO  [Log] ########################################## 
2023-01-08 15:13:57,545 INFO  [Log] ***************************** 
2023-01-08 15:13:57,545 INFO  [Log] ************************************** 
2023-01-08 15:13:57,546 INFO  [Log] ############   My first test case is Login test ################ 
2023-01-08 15:13:57,546 INFO  [Log] ******************************* 
2023-01-08 15:13:57,546 INFO  [Log] ************************************** 
2023-01-08 15:13:57,546 INFO  [Log] My login test is going on 
2023-01-08 15:13:57,546 INFO  [Log] My test case might be failed 
2023-01-08 15:14:05,088 INFO  [Log] My test case is about to complete 
2023-01-08 15:14:05,088 INFO  [Log] ################################## 
2023-01-08 15:14:05,088 INFO  [Log] ########################################## 
2023-01-08 15:14:05,088 INFO  [Log] ############   This is my login test again ################ 
2023-01-08 15:14:05,088 INFO  [Log] ########################## 
2023-01-08 15:14:05,088 INFO  [Log] ########################################## 
